app/build/outputs/logs/manifest-merger-debug-report.txt
-- Merging decision tree log ---
manifest
ADDED from src\main\AndroidManifest.xml:2:1-279:12
INJECTED from src\main\AndroidManifest.xml:2:1-279:12
INJECTED from src\main\AndroidManifest.xml:2:1-279:12
INJECTED from src\main\AndroidManifest.xml:2:1-279:12
MERGED from [com.lzy.widget:imagepicker:0.5.5] AndroidManifest.xml:2:1-47:12
MERGED from [com.android.support:design:25.3.1] AndroidManifest.xml:17:1-31:12
MERGED from [com.bigkoo:convenientbanner:2.0.5] AndroidManifest.xml:2:1-9:12
MERGED from [pub.devrel:easypermissions:0.2.1] AndroidManifest.xml:2:1-14:12
MERGED from [com.zhy:flowlayout-lib:1.0.3] AndroidManifest.xml:2:1-12:12
MERGED from [com.android.support:appcompat-v7:25.3.1] AndroidManifest.xml:17:1-31:12
MERGED from [com.github.chrisbanes.photoview:library:1.2.4] AndroidManifest.xml:2:1-11:12
MERGED from [com.android.support:transition:25.3.1] AndroidManifest.xml:17:1-28:12
MERGED from [com.android.support:support-v4:25.3.1] AndroidManifest.xml:17:1-31:12
MERGED from [com.android.support:multidex:1.0.2] AndroidManifest.xml:17:1-22:12
MERGED from [com.android.support:recyclerview-v7:25.3.1] AndroidManifest.xml:17:1-26:12
MERGED from [com.github.lygttpod:SuperTextView:1.1.1] AndroidManifest.xml:2:1-11:12
MERGED from [com.github.MarnonDev:EasyStatusView:v1.0.3] AndroidManifest.xml:2:1-12:12
MERGED from [com.github.AriesHoo:UIAlertView:1.0.3] AndroidManifest.xml:2:1-12:12
MERGED from [com.github.AriesHoo:UIActionSheetView:1.0.1] AndroidManifest.xml:2:1-12:12
MERGED from [com.github.AriesHoo:UIProgressView:1.0.1] AndroidManifest.xml:2:1-12:12
MERGED from [in.srain.cube:ultra-ptr:1.0.11] AndroidManifest.xml:2:1-13:12
MERGED from [com.orhanobut:logger:1.15] AndroidManifest.xml:2:1-8:12
MERGED from [com.jakewharton:butterknife:8.4.0] AndroidManifest.xml:2:1-7:12
MERGED from [com.github.CymChad:BaseRecyclerViewAdapterHelper:2.9.12] AndroidManifest.xml:2:1-11:12
MERGED from [io.reactivex.rxjava2:rxandroid:2.0.1] AndroidManifest.xml:15:1-21:12
MERGED from [cn.bingoogolapple:bga-qrcodecore:1.1.7] AndroidManifest.xml:2:1-10:12
MERGED from [cn.bingoogolapple:bga-zxing:1.1.7] AndroidManifest.xml:2:1-10:12
MERGED from [com.missmess.coverflowview:coverflowview:1.0.9] AndroidManifest.xml:2:1-17:12
MERGED from [com.contrarywind:Android-PickerView:3.2.5] AndroidManifest.xml:2:1-11:12
MERGED from [com.android.support.constraint:constraint-layout:1.0.2] AndroidManifest.xml:2:1-11:12
MERGED from [com.android.support:animated-vector-drawable:25.3.1] AndroidManifest.xml:17:1-28:12
MERGED from [com.android.support:support-vector-drawable:25.3.1] AndroidManifest.xml:17:1-28:12
MERGED from [com.android.support:support-fragment:25.3.1] AndroidManifest.xml:17:1-31:12
MERGED from [com.android.support:support-core-ui:25.3.1] AndroidManifest.xml:17:1-31:12
MERGED from [com.android.support:support-media-compat:25.3.1] AndroidManifest.xml:17:1-31:12
MERGED from [com.android.support:support-core-utils:25.3.1] AndroidManifest.xml:17:1-31:12
MERGED from [com.android.support:support-compat:25.3.1] AndroidManifest.xml:17:1-31:12
INJECTED from src\main\AndroidManifest.xml:2:1-279:12
INJECTED from src\main\AndroidManifest.xml:2:1-279:12
INJECTED from src\main\AndroidManifest.xml:2:1-279:12
	package
		ADDED from src\main\AndroidManifest.xml:3:5-30
		INJECTED from src\main\AndroidManifest.xml
		INJECTED from src\main\AndroidManifest.xml
	android:versionName
		INJECTED from src\main\AndroidManifest.xml
		ADDED from src\main\AndroidManifest.xml:2:1-279:12
		INJECTED from src\main\AndroidManifest.xml
	android:versionCode
		INJECTED from src\main\AndroidManifest.xml
		ADDED from src\main\AndroidManifest.xml:2:1-279:12
		INJECTED from src\main\AndroidManifest.xml
	xmlns:android
		ADDED from src\main\AndroidManifest.xml:2:11-69
uses-permission#android.permission.ACCESS_NETWORK_STATE
ADDED from src\main\AndroidManifest.xml:6:5-79
	android:name
		ADDED from src\main\AndroidManifest.xml:6:22-76
uses-permission#android.permission.ACCESS_WIFI_STATE
ADDED from src\main\AndroidManifest.xml:8:5-76
	android:name
		ADDED from src\main\AndroidManifest.xml:8:22-73
uses-permission#android.permission.CALL_PHONE
ADDED from src\main\AndroidManifest.xml:9:5-69
	android:name
		ADDED from src\main\AndroidManifest.xml:9:22-66
uses-permission#android.permission.WRITE_EXTERNAL_STORAGE
ADDED from src\main\AndroidManifest.xml:10:5-81
MERGED from [com.lzy.widget:imagepicker:0.5.5] AndroidManifest.xml:14:5-81
MERGED from [com.lzy.widget:imagepicker:0.5.5] AndroidManifest.xml:14:5-81
	android:name
		ADDED from src\main\AndroidManifest.xml:10:22-78
uses-permission#android.permission.READ_EXTERNAL_STORAGE
ADDED from src\main\AndroidManifest.xml:11:5-80
MERGED from [com.lzy.widget:imagepicker:0.5.5] AndroidManifest.xml:16:5-80
MERGED from [com.lzy.widget:imagepicker:0.5.5] AndroidManifest.xml:16:5-80
	android:name
		ADDED from src\main\AndroidManifest.xml:11:22-77
uses-permission#android.permission.INTERNET
ADDED from src\main\AndroidManifest.xml:12:5-67
	android:name
		ADDED from src\main\AndroidManifest.xml:12:22-64
uses-permission#android.permission.CAMERA
ADDED from src\main\AndroidManifest.xml:13:5-65
MERGED from [com.lzy.widget:imagepicker:0.5.5] AndroidManifest.xml:18:5-65
MERGED from [com.lzy.widget:imagepicker:0.5.5] AndroidManifest.xml:18:5-65
	android:name
		ADDED from src\main\AndroidManifest.xml:13:22-62
uses-permission#android.permission.WAKE_LOCK
ADDED from src\main\AndroidManifest.xml:14:5-68
	android:name
		ADDED from src\main\AndroidManifest.xml:14:22-65
uses-permission#android.permission.WRITE_OWNER_DATA
ADDED from src\main\AndroidManifest.xml:15:5-75
	android:name
		ADDED from src\main\AndroidManifest.xml:15:22-72
uses-permission#android.permission.RECORD_AUDIO
ADDED from src\main\AndroidManifest.xml:16:5-71
	android:name
		ADDED from src\main\AndroidManifest.xml:16:22-68
uses-permission#android.permission.MOUNT_UNMOUNT_FILESYSTEMS
ADDED from src\main\AndroidManifest.xml:17:5-84
MERGED from [com.lzy.widget:imagepicker:0.5.5] AndroidManifest.xml:12:5-84
MERGED from [com.lzy.widget:imagepicker:0.5.5] AndroidManifest.xml:12:5-84
	android:name
		ADDED from src\main\AndroidManifest.xml:17:22-81
uses-permission#android.permission.CHANGE_WIFI_STATE
ADDED from src\main\AndroidManifest.xml:18:5-76
	android:name
		ADDED from src\main\AndroidManifest.xml:18:22-73
uses-permission#android.permission.READ_LOGS
ADDED from src\main\AndroidManifest.xml:19:5-68
	android:name
		ADDED from src\main\AndroidManifest.xml:19:22-65
uses-permission#android.permission.SYSTEM_ALERT_WINDOW
ADDED from src\main\AndroidManifest.xml:20:5-78
	android:name
		ADDED from src\main\AndroidManifest.xml:20:22-75
uses-permission#android.permission.CHANGE_CONFIGURATION
ADDED from src\main\AndroidManifest.xml:21:5-79
	android:name
		ADDED from src\main\AndroidManifest.xml:21:22-76
uses-permission#android.permission.WRITE_CONTACTS
ADDED from src\main\AndroidManifest.xml:23:5-73
	android:name
		ADDED from src\main\AndroidManifest.xml:23:22-70
uses-permission#android.permission.ACCESS_COARSE_LOCATION
ADDED from src\main\AndroidManifest.xml:25:5-81
	android:name
		ADDED from src\main\AndroidManifest.xml:25:22-78
uses-permission#android.permission.ACCESS_FINE_LOCATION
ADDED from src\main\AndroidManifest.xml:26:5-79
	android:name
		ADDED from src\main\AndroidManifest.xml:26:22-76
uses-permission#android.permission.READ_PHONE_STATE
ADDED from src\main\AndroidManifest.xml:27:5-75
	android:name
		ADDED from src\main\AndroidManifest.xml:27:22-72
uses-permission#android.permission.MANAGE_ACCOUNTS
ADDED from src\main\AndroidManifest.xml:29:5-74
	android:name
		ADDED from src\main\AndroidManifest.xml:29:22-71
uses-permission#android.permission.GET_ACCOUNTS
ADDED from src\main\AndroidManifest.xml:30:5-71
	android:name
		ADDED from src\main\AndroidManifest.xml:30:22-68
uses-permission#android.permission.WRITE_SECURE_SETTINGS
ADDED from src\main\AndroidManifest.xml:32:5-80
	android:name
		ADDED from src\main\AndroidManifest.xml:32:22-77
uses-permission#android.permission.ACCESS_LOCATION_EXTRA_COMMANDS
ADDED from src\main\AndroidManifest.xml:34:5-89
	android:name
		ADDED from src\main\AndroidManifest.xml:34:22-86
uses-permission#android.permission.BLUETOOTH
ADDED from src\main\AndroidManifest.xml:36:5-68
	android:name
		ADDED from src\main\AndroidManifest.xml:36:22-65
uses-permission#android.permission.BLUETOOTH_ADMIN
ADDED from src\main\AndroidManifest.xml:37:5-74
	android:name
		ADDED from src\main\AndroidManifest.xml:37:22-71
application
ADDED from src\main\AndroidManifest.xml:39:5-277:19
MERGED from [com.lzy.widget:imagepicker:0.5.5] AndroidManifest.xml:20:5-45:19
MERGED from [com.lzy.widget:imagepicker:0.5.5] AndroidManifest.xml:20:5-45:19
MERGED from [com.android.support:design:25.3.1] AndroidManifest.xml:29:5-20
MERGED from [com.android.support:design:25.3.1] AndroidManifest.xml:29:5-20
MERGED from [pub.devrel:easypermissions:0.2.1] AndroidManifest.xml:12:5-20
MERGED from [pub.devrel:easypermissions:0.2.1] AndroidManifest.xml:12:5-20
MERGED from [com.android.support:appcompat-v7:25.3.1] AndroidManifest.xml:29:5-20
MERGED from [com.android.support:appcompat-v7:25.3.1] AndroidManifest.xml:29:5-20
MERGED from [com.android.support:transition:25.3.1] AndroidManifest.xml:26:5-20
MERGED from [com.android.support:transition:25.3.1] AndroidManifest.xml:26:5-20
MERGED from [com.android.support:support-v4:25.3.1] AndroidManifest.xml:29:5-20
MERGED from [com.android.support:support-v4:25.3.1] AndroidManifest.xml:29:5-20
MERGED from [in.srain.cube:ultra-ptr:1.0.11] AndroidManifest.xml:11:5-20
MERGED from [in.srain.cube:ultra-ptr:1.0.11] AndroidManifest.xml:11:5-20
MERGED from [com.missmess.coverflowview:coverflowview:1.0.9] AndroidManifest.xml:11:5-15:19
MERGED from [com.missmess.coverflowview:coverflowview:1.0.9] AndroidManifest.xml:11:5-15:19
MERGED from [com.android.support.constraint:constraint-layout:1.0.2] AndroidManifest.xml:9:5-20
MERGED from [com.android.support.constraint:constraint-layout:1.0.2] AndroidManifest.xml:9:5-20
MERGED from [com.android.support:animated-vector-drawable:25.3.1] AndroidManifest.xml:26:5-20
MERGED from [com.android.support:animated-vector-drawable:25.3.1] AndroidManifest.xml:26:5-20
MERGED from [com.android.support:support-vector-drawable:25.3.1] AndroidManifest.xml:26:5-20
MERGED from [com.android.support:support-vector-drawable:25.3.1] AndroidManifest.xml:26:5-20
MERGED from [com.android.support:support-fragment:25.3.1] AndroidManifest.xml:29:5-20
MERGED from [com.android.support:support-fragment:25.3.1] AndroidManifest.xml:29:5-20
MERGED from [com.android.support:support-core-ui:25.3.1] AndroidManifest.xml:29:5-20
MERGED from [com.android.support:support-core-ui:25.3.1] AndroidManifest.xml:29:5-20
MERGED from [com.android.support:support-media-compat:25.3.1] AndroidManifest.xml:29:5-20
MERGED from [com.android.support:support-media-compat:25.3.1] AndroidManifest.xml:29:5-20
MERGED from [com.android.support:support-core-utils:25.3.1] AndroidManifest.xml:29:5-20
MERGED from [com.android.support:support-core-utils:25.3.1] AndroidManifest.xml:29:5-20
MERGED from [com.android.support:support-compat:25.3.1] AndroidManifest.xml:29:5-20
MERGED from [com.android.support:support-compat:25.3.1] AndroidManifest.xml:29:5-20
	android:supportsRtl
		ADDED from src\main\AndroidManifest.xml:45:9-35
	android:label
		ADDED from src\main\AndroidManifest.xml:43:9-41
	android:roundIcon
		ADDED from src\main\AndroidManifest.xml:44:9-54
	android:icon
		ADDED from src\main\AndroidManifest.xml:42:9-43
	android:allowBackup
		ADDED from src\main\AndroidManifest.xml:41:9-35
	android:theme
		ADDED from src\main\AndroidManifest.xml:46:9-48
	android:name
		ADDED from src\main\AndroidManifest.xml:40:9-38
activity#com.jobnew.farm.MainActivity
ADDED from src\main\AndroidManifest.xml:47:9-49:47
	android:launchMode
		ADDED from src\main\AndroidManifest.xml:49:13-44
	android:name
		ADDED from src\main\AndroidManifest.xml:48:13-41
activity#com.jobnew.farm.module.farm.activity.PlantingPlanAcitivity
ADDED from src\main\AndroidManifest.xml:50:9-52:73
	android:windowSoftInputMode
		ADDED from src\main\AndroidManifest.xml:52:13-70
	android:name
		ADDED from src\main\AndroidManifest.xml:51:13-71
activity#com.jobnew.farm.module.farm.activity.BreedingPlanActivity
ADDED from src\main\AndroidManifest.xml:53:9-55:73
	android:windowSoftInputMode
		ADDED from src\main\AndroidManifest.xml:55:13-70
	android:name
		ADDED from src\main\AndroidManifest.xml:54:13-70
activity#com.jobnew.farm.module.farm.activity.PlantingSchemeActivity
ADDED from src\main\AndroidManifest.xml:56:9-58:76
	android:windowSoftInputMode
		ADDED from src\main\AndroidManifest.xml:58:13-73
	android:name
		ADDED from src\main\AndroidManifest.xml:57:13-72
activity#com.jobnew.farm.module.farm.activity.BreedingSchemeActivity
ADDED from src\main\AndroidManifest.xml:59:9-61:76
	android:windowSoftInputMode
		ADDED from src\main\AndroidManifest.xml:61:13-73
	android:name
		ADDED from src\main\AndroidManifest.xml:60:13-72
activity#com.jobnew.farm.module.farm.activity.StewardActivity
ADDED from src\main\AndroidManifest.xml:62:9-64:73
	android:windowSoftInputMode
		ADDED from src\main\AndroidManifest.xml:64:13-70
	android:name
		ADDED from src\main\AndroidManifest.xml:63:13-65
activity#com.jobnew.farm.module.farm.activity.SignboardActivity
ADDED from src\main\AndroidManifest.xml:65:9-67:73
	android:windowSoftInputMode
		ADDED from src\main\AndroidManifest.xml:67:13-70
	android:name
		ADDED from src\main\AndroidManifest.xml:66:13-67
activity#com.jobnew.farm.module.farm.activity.MonitorActivity
ADDED from src\main\AndroidManifest.xml:68:9-70:73
	android:windowSoftInputMode
		ADDED from src\main\AndroidManifest.xml:70:13-70
	android:name
		ADDED from src\main\AndroidManifest.xml:69:13-65
activity#com.jobnew.farm.module.farm.activity.ProductProcessActivity
ADDED from src\main\AndroidManifest.xml:71:9-73:73
	android:windowSoftInputMode
		ADDED from src\main\AndroidManifest.xml:73:13-70
	android:name
		ADDED from src\main\AndroidManifest.xml:72:13-72
activity#com.jobnew.farm.module.farm.activity.InsuranceActivity
ADDED from src\main\AndroidManifest.xml:74:9-76:73
	android:windowSoftInputMode
		ADDED from src\main\AndroidManifest.xml:76:13-70
	android:name
		ADDED from src\main\AndroidManifest.xml:75:13-67
activity#com.jobnew.farm.module.farm.activity.LandDetailsActivity
ADDED from src\main\AndroidManifest.xml:77:9-79:73
	android:windowSoftInputMode
		ADDED from src\main\AndroidManifest.xml:79:13-70
	android:name
		ADDED from src\main\AndroidManifest.xml:78:13-69
activity#com.jobnew.farm.module.farm.activity.BreedDetailsActivity
ADDED from src\main\AndroidManifest.xml:80:9-82:73
	android:windowSoftInputMode
		ADDED from src\main\AndroidManifest.xml:82:13-70
	android:name
		ADDED from src\main\AndroidManifest.xml:81:13-70
activity#com.jobnew.farm.module.farm.activity.SelectCropActivity
ADDED from src\main\AndroidManifest.xml:83:9-85:73
	android:windowSoftInputMode
		ADDED from src\main\AndroidManifest.xml:85:13-70
	android:name
		ADDED from src\main\AndroidManifest.xml:84:13-68
activity#com.jobnew.farm.module.farm.activity.ConfirmOrderActivity
ADDED from src\main\AndroidManifest.xml:86:9-79
	android:name
		ADDED from src\main\AndroidManifest.xml:86:19-76
activity#com.jobnew.farm.module.farm.activity.SettingFrequencyActivity
ADDED from src\main\AndroidManifest.xml:87:9-83
	android:name
		ADDED from src\main\AndroidManifest.xml:87:19-80
activity#com.jobnew.farm.module.loginAndRegister.activity.LoginActivity
ADDED from src\main\AndroidManifest.xml:88:9-84
	android:name
		ADDED from src\main\AndroidManifest.xml:88:19-81
activity#com.jobnew.farm.module.loginAndRegister.activity.RegisterActivity
ADDED from src\main\AndroidManifest.xml:89:9-87
	android:name
		ADDED from src\main\AndroidManifest.xml:89:19-84
activity#com.jobnew.farm.module.loginAndRegister.activity.ForgetPwdActivity
ADDED from src\main\AndroidManifest.xml:90:9-88
	android:name
		ADDED from src\main\AndroidManifest.xml:90:19-85
activity#com.jobnew.farm.module.loginAndRegister.activity.UserAgreementActivity
ADDED from src\main\AndroidManifest.xml:91:9-92
	android:name
		ADDED from src\main\AndroidManifest.xml:91:19-89
activity#com.jobnew.farm.module.home.activity.ScanActivity
ADDED from src\main\AndroidManifest.xml:92:9-71
	android:name
		ADDED from src\main\AndroidManifest.xml:92:19-68
activity#com.jobnew.farm.module.personal.activity.UserHomeActivity
ADDED from src\main\AndroidManifest.xml:93:9-79
	android:name
		ADDED from src\main\AndroidManifest.xml:93:19-76
activity#com.jobnew.farm.module.personal.activity.UserInfoActivity
ADDED from src\main\AndroidManifest.xml:94:9-96:86
	android:configChanges
		ADDED from src\main\AndroidManifest.xml:96:13-83
	android:name
		ADDED from src\main\AndroidManifest.xml:95:13-70
activity#com.jobnew.farm.module.farm.activity.farmActivity.FarmDetailsActivity
ADDED from src\main\AndroidManifest.xml:97:9-91
	android:name
		ADDED from src\main\AndroidManifest.xml:97:19-88
activity#com.jobnew.farm.module.personal.activity.AddressManage
ADDED from src\main\AndroidManifest.xml:98:9-76
	android:name
		ADDED from src\main\AndroidManifest.xml:98:19-73
activity#com.jobnew.farm.module.personal.activity.EditAddressActivity
ADDED from src\main\AndroidManifest.xml:99:9-82
	android:name
		ADDED from src\main\AndroidManifest.xml:99:19-79
activity#com.jobnew.farm.module.personal.activity.NewAddAddressActivity
ADDED from src\main\AndroidManifest.xml:100:9-84
	android:name
		ADDED from src\main\AndroidManifest.xml:100:19-81
activity#com.jobnew.farm.module.personal.activity.MyFarm.MyFarmActivity
ADDED from src\main\AndroidManifest.xml:101:9-84
	android:name
		ADDED from src\main\AndroidManifest.xml:101:19-81
activity#com.jobnew.farm.module.personal.activity.PhotoAlbumMngActivity
ADDED from src\main\AndroidManifest.xml:102:9-104:86
	android:configChanges
		ADDED from src\main\AndroidManifest.xml:104:13-83
	android:name
		ADDED from src\main\AndroidManifest.xml:103:13-75
activity#com.jobnew.farm.module.personal.activity.SettingActivity
ADDED from src\main\AndroidManifest.xml:105:9-78
	android:name
		ADDED from src\main\AndroidManifest.xml:105:19-75
activity#com.jobnew.farm.module.personal.activity.ChangePwdActivity
ADDED from src\main\AndroidManifest.xml:106:9-80
	android:name
		ADDED from src\main\AndroidManifest.xml:106:19-77
activity#com.jobnew.farm.module.personal.activity.AboutUsActivity
ADDED from src\main\AndroidManifest.xml:107:9-78
	android:name
		ADDED from src\main\AndroidManifest.xml:107:19-75
activity#com.jobnew.farm.module.personal.activity.CustomerServiceActivity
ADDED from src\main\AndroidManifest.xml:108:9-86
	android:name
		ADDED from src\main\AndroidManifest.xml:108:19-83
activity#com.jobnew.farm.module.personal.activity.InvestmentActivity
ADDED from src\main\AndroidManifest.xml:109:9-81
	android:name
		ADDED from src\main\AndroidManifest.xml:109:19-78
activity#com.jobnew.farm.module.personal.activity.order.MyOrderActivity
ADDED from src\main\AndroidManifest.xml:110:9-84
	android:name
		ADDED from src\main\AndroidManifest.xml:110:19-81
activity#com.jobnew.farm.module.farm.activity.farmActivity.ShareUtilsActivity
ADDED from src\main\AndroidManifest.xml:111:9-113:52
	android:theme
		ADDED from src\main\AndroidManifest.xml:113:13-49
	android:name
		ADDED from src\main\AndroidManifest.xml:112:13-81
activity#com.jobnew.farm.module.home.activity.SearchActivityForHome
ADDED from src\main\AndroidManifest.xml:114:9-80
	android:name
		ADDED from src\main\AndroidManifest.xml:114:19-77
activity#com.jobnew.farm.module.personal.activity.MyWalletActivity
ADDED from src\main\AndroidManifest.xml:115:9-79
	android:name
		ADDED from src\main\AndroidManifest.xml:115:19-76
activity#com.jobnew.farm.module.farm.activity.farmActivity.PayOrderActivity
ADDED from src\main\AndroidManifest.xml:116:9-118:39
	android:exported
		ADDED from src\main\AndroidManifest.xml:118:13-36
	android:name
		ADDED from src\main\AndroidManifest.xml:117:13-79
activity#com.jobnew.farm.module.farm.activity.farmActivity.LoveDonationActivity
ADDED from src\main\AndroidManifest.xml:119:9-92
	android:name
		ADDED from src\main\AndroidManifest.xml:119:19-89
activity#com.jobnew.farm.module.farm.activity.farmActivity.ShippingAddressMangeAcitivty
ADDED from src\main\AndroidManifest.xml:120:9-100
	android:name
		ADDED from src\main\AndroidManifest.xml:120:19-97
activity#com.jobnew.farm.module.personal.activity.HelpActivity
ADDED from src\main\AndroidManifest.xml:121:9-75
	android:name
		ADDED from src\main\AndroidManifest.xml:121:19-72
activity#com.jobnew.farm.module.personal.activity.MyFarm.LandInformationActivity
ADDED from src\main\AndroidManifest.xml:122:9-93
	android:name
		ADDED from src\main\AndroidManifest.xml:122:19-90
activity#com.jobnew.farm.module.personal.activity.MyFarm.TaskRecordActivity
ADDED from src\main\AndroidManifest.xml:123:9-88
	android:name
		ADDED from src\main\AndroidManifest.xml:123:19-85
activity#com.jobnew.farm.module.personal.activity.TopUpBalanceActivity
ADDED from src\main\AndroidManifest.xml:124:9-83
	android:name
		ADDED from src\main\AndroidManifest.xml:124:19-80
activity#com.jobnew.farm.module.personal.activity.TopUpFarmCurrencyActivity
ADDED from src\main\AndroidManifest.xml:125:9-88
	android:name
		ADDED from src\main\AndroidManifest.xml:125:19-85
activity#com.jobnew.farm.module.personal.activity.DetailActivity
ADDED from src\main\AndroidManifest.xml:126:9-77
	android:name
		ADDED from src\main\AndroidManifest.xml:126:19-74
activity#com.jobnew.farm.module.personal.activity.OrderEvaluateActivity
ADDED from src\main\AndroidManifest.xml:127:9-84
	android:name
		ADDED from src\main\AndroidManifest.xml:127:19-81
activity#com.jobnew.farm.module.personal.activity.WithdrawActivity
ADDED from src\main\AndroidManifest.xml:128:9-79
	android:name
		ADDED from src\main\AndroidManifest.xml:128:19-76
activity#com.jobnew.farm.module.personal.activity.WithDrawAlipayActivity
ADDED from src\main\AndroidManifest.xml:129:9-85
	android:name
		ADDED from src\main\AndroidManifest.xml:129:19-82
activity#com.jobnew.farm.module.personal.activity.AddAlipayActivity
ADDED from src\main\AndroidManifest.xml:130:9-80
	android:name
		ADDED from src\main\AndroidManifest.xml:130:19-77
activity#com.jobnew.farm.module.personal.activity.FeedBackActivity
ADDED from src\main\AndroidManifest.xml:131:9-79
	android:name
		ADDED from src\main\AndroidManifest.xml:131:19-76
activity#com.jobnew.farm.module.personal.activity.MyCollectionActivity
ADDED from src\main\AndroidManifest.xml:132:9-83
	android:name
		ADDED from src\main\AndroidManifest.xml:132:19-80
activity#com.jobnew.farm.module.home.activity.FarmHappyActivity
ADDED from src\main\AndroidManifest.xml:133:9-76
	android:name
		ADDED from src\main\AndroidManifest.xml:133:19-73
activity#com.jobnew.farm.module.home.activity.FarmHappyDetatilsActivity
ADDED from src\main\AndroidManifest.xml:134:9-84
	android:name
		ADDED from src\main\AndroidManifest.xml:134:19-81
activity#com.jobnew.farm.module.personal.activity.order.AfterSalesActivity
ADDED from src\main\AndroidManifest.xml:135:9-87
	android:name
		ADDED from src\main\AndroidManifest.xml:135:19-84
activity#com.jobnew.farm.module.personal.activity.AfterReturnActivity
ADDED from src\main\AndroidManifest.xml:136:9-138:63
	android:windowSoftInputMode
		ADDED from src\main\AndroidManifest.xml:138:13-60
	android:name
		ADDED from src\main\AndroidManifest.xml:137:13-73
activity#com.jobnew.farm.module.home.activity.CateringDetailsActivity
ADDED from src\main\AndroidManifest.xml:139:9-82
	android:name
		ADDED from src\main\AndroidManifest.xml:139:19-79
activity#com.jobnew.farm.module.farm.activity.farmActivity.ProductDetailsActivity
ADDED from src\main\AndroidManifest.xml:140:9-94
	android:name
		ADDED from src\main\AndroidManifest.xml:140:19-91
activity#com.jobnew.farm.module.farm.activity.farmActivity.ProductMoreCommentActivity
ADDED from src\main\AndroidManifest.xml:141:9-98
	android:name
		ADDED from src\main\AndroidManifest.xml:141:19-95
activity#com.jobnew.farm.module.farm.activity.farmActivity.ProductGoToSource
ADDED from src\main\AndroidManifest.xml:142:9-89
	android:name
		ADDED from src\main\AndroidManifest.xml:142:19-86
activity#com.jobnew.farm.module.personal.activity.BindPhoneActivity
ADDED from src\main\AndroidManifest.xml:143:9-80
	android:name
		ADDED from src\main\AndroidManifest.xml:143:19-77
activity#com.jobnew.farm.module.personal.activity.KindMyShelfActivity
ADDED from src\main\AndroidManifest.xml:144:9-82
	android:name
		ADDED from src\main\AndroidManifest.xml:144:19-79
activity#com.jobnew.farm.module.personal.activity.LogisticsActivity
ADDED from src\main\AndroidManifest.xml:145:9-80
	android:name
		ADDED from src\main\AndroidManifest.xml:145:19-77
activity#com.jobnew.farm.module.home.activity.HomeEntertainmentActivity
ADDED from src\main\AndroidManifest.xml:146:9-84
	android:name
		ADDED from src\main\AndroidManifest.xml:146:19-81
activity#com.jobnew.farm.module.home.activity.EntertainmentDetailsActivity
ADDED from src\main\AndroidManifest.xml:147:9-87
	android:name
		ADDED from src\main\AndroidManifest.xml:147:19-84
activity#com.jobnew.farm.module.home.activity.MyEntertainmentActivity
ADDED from src\main\AndroidManifest.xml:148:9-82
	android:name
		ADDED from src\main\AndroidManifest.xml:148:19-79
activity#com.jobnew.farm.module.home.activity.GuideActivity
ADDED from src\main\AndroidManifest.xml:149:9-72
	android:name
		ADDED from src\main\AndroidManifest.xml:149:19-69
activity#com.jobnew.farm.data.downLoad.DownActivity
ADDED from src\main\AndroidManifest.xml:150:9-64
	android:name
		ADDED from src\main\AndroidManifest.xml:150:19-61
activity#com.jobnew.farm.module.home.activity.LaunchedActivity
ADDED from src\main\AndroidManifest.xml:151:9-75
	android:name
		ADDED from src\main\AndroidManifest.xml:151:19-72
activity#com.jobnew.farm.module.personal.activity.MyFarm.PlantingPlanDetailsActivity
ADDED from src\main\AndroidManifest.xml:152:9-97
	android:name
		ADDED from src\main\AndroidManifest.xml:152:19-94
activity#com.jobnew.farm.module.personal.activity.MyFarm.AddNewTaskAcitivity
ADDED from src\main\AndroidManifest.xml:153:9-89
	android:name
		ADDED from src\main\AndroidManifest.xml:153:19-86
activity#com.jobnew.farm.module.personal.activity.MyFarm.LandAwayActivity
ADDED from src\main\AndroidManifest.xml:154:9-86
	android:name
		ADDED from src\main\AndroidManifest.xml:154:19-83
activity#com.jobnew.farm.module.personal.activity.ReleaseDynamicActivity
ADDED from src\main\AndroidManifest.xml:155:9-85
	android:name
		ADDED from src\main\AndroidManifest.xml:155:19-82
activity#com.jobnew.farm.module.farm.activity.ScanPictureActivity
ADDED from src\main\AndroidManifest.xml:156:9-78
	android:name
		ADDED from src\main\AndroidManifest.xml:156:19-75
activity#com.jobnew.farm.module.personal.activity.MyFarm.ProductProgressActivity
ADDED from src\main\AndroidManifest.xml:157:9-93
	android:name
		ADDED from src\main\AndroidManifest.xml:157:19-90
activity#com.jobnew.farm.module.home.activity.MatchFeatureActivity
ADDED from src\main\AndroidManifest.xml:158:9-79
	android:name
		ADDED from src\main\AndroidManifest.xml:158:19-76
activity#com.jobnew.farm.module.exclusive.ExclusiveLandActivity
ADDED from src\main\AndroidManifest.xml:159:9-76
	android:name
		ADDED from src\main\AndroidManifest.xml:159:19-73
activity#com.jobnew.farm.module.exclusive.ExclusiveLandDetailsActivity
ADDED from src\main\AndroidManifest.xml:160:9-162:73
	android:windowSoftInputMode
		ADDED from src\main\AndroidManifest.xml:162:13-70
	android:name
		ADDED from src\main\AndroidManifest.xml:161:13-74
activity#com.jobnew.farm.module.exclusive.ConfirmExclusiveLandOrderActivity
ADDED from src\main\AndroidManifest.xml:163:9-88
	android:name
		ADDED from src\main\AndroidManifest.xml:163:19-85
activity#com.jobnew.farm.module.personal.activity.ShoppingTrolleyActivity
ADDED from src\main\AndroidManifest.xml:164:9-85
	android:name
		ADDED from src\main\AndroidManifest.xml:164:19-83
activity#com.jobnew.farm.module.home.activity.MyMatchActivity
ADDED from src\main\AndroidManifest.xml:165:9-74
	android:name
		ADDED from src\main\AndroidManifest.xml:165:19-71
activity#com.jobnew.farm.module.home.activity.MatchInfoActivity
ADDED from src\main\AndroidManifest.xml:166:9-76
	android:name
		ADDED from src\main\AndroidManifest.xml:166:19-73
activity#com.jobnew.farm.module.personal.activity.order.OrderMoreEvaAndSafActivity
ADDED from src\main\AndroidManifest.xml:167:9-94
	android:name
		ADDED from src\main\AndroidManifest.xml:167:19-92
activity#com.jobnew.farm.module.personal.activity.order.AfterDetailsActivity
ADDED from src\main\AndroidManifest.xml:168:9-88
	android:name
		ADDED from src\main\AndroidManifest.xml:168:19-86
activity#com.jobnew.farm.module.home.activity.WelcomeActivity
ADDED from src\main\AndroidManifest.xml:169:9-177:20
	android:theme
		ADDED from src\main\AndroidManifest.xml:171:13-49
	android:name
		ADDED from src\main\AndroidManifest.xml:170:13-65
intent-filter#android.intent.action.MAIN+android.intent.category.LAUNCHER
ADDED from src\main\AndroidManifest.xml:172:13-176:29
action#android.intent.action.MAIN
ADDED from src\main\AndroidManifest.xml:173:17-69
	android:name
		ADDED from src\main\AndroidManifest.xml:173:25-66
category#android.intent.category.LAUNCHER
ADDED from src\main\AndroidManifest.xml:175:17-77
	android:name
		ADDED from src\main\AndroidManifest.xml:175:27-74
activity#com.lzy.imagepicker.ui.ImagePreviewDelActivity
ADDED from src\main\AndroidManifest.xml:180:9-182:65
	android:theme
		ADDED from src\main\AndroidManifest.xml:182:13-62
	android:name
		ADDED from src\main\AndroidManifest.xml:181:13-74
meta-data#UMENG_APPKEY
ADDED from src\main\AndroidManifest.xml:184:9-186:56
	android:value
		ADDED from src\main\AndroidManifest.xml:186:13-53
	android:name
		ADDED from src\main\AndroidManifest.xml:185:13-40
activity#com.jobnew.farm.WBShareActivity